<?xml version="1.0" encoding="UTF-8"?>
<!-- Generated by org.testng.reporters.JUnitReportReporter -->
<testsuite hostname="DESKTOP-5C82T7M" failures="0" tests="4" name="org.caution.E" time="0.017" errors="0" timestamp="2024-01-28T11:01:42 IST" skipped="0">
  <testcase classname="org.caution.E" name="tc24" time="0.003"/>
  <system-out/>
  <testcase classname="org.caution.E" name="tc21" time="0.006"/>
  <system-out/>
  <testcase classname="org.caution.E" name="tc22" time="0.002"/>
  <system-out/>
  <testcase classname="org.caution.E" name="tc23" time="0.006"/>
  <system-out/>
</testsuite> <!-- org.caution.E -->
