<?xml version="1.0" encoding="UTF-8"?>
<!-- Generated by org.testng.reporters.JUnitReportReporter -->
<testsuite hostname="DESKTOP-5C82T7M" failures="0" tests="5" name="org.caution.D" time="0.014" errors="0" timestamp="2024-01-28T11:01:42 IST" skipped="0">
  <testcase classname="org.caution.D" name="tc14" time="0.001"/>
  <system-out/>
  <testcase classname="org.caution.D" name="tc12" time="0.001"/>
  <system-out/>
  <testcase classname="org.caution.D" name="tc15" time="0.001"/>
  <system-out/>
  <testcase classname="org.caution.D" name="tc13" time="0.002"/>
  <system-out/>
  <testcase classname="org.caution.D" name="tc11" time="0.009"/>
  <system-out/>
</testsuite> <!-- org.caution.D -->
