<?xml version="1.0" encoding="UTF-8"?>
<!-- Generated by org.testng.reporters.JUnitReportReporter -->
<testsuite hostname="DESKTOP-5C82T7M" failures="0" tests="4" name="org.caution.Current" time="0.019" errors="0" timestamp="2024-01-28T11:01:42 IST" skipped="0">
  <testcase classname="org.caution.Current" name="tc2" time="0.002"/>
  <system-out/>
  <testcase classname="org.caution.Current" name="tc1" time="0.010"/>
  <system-out/>
  <testcase classname="org.caution.Current" name="tc4" time="0.002"/>
  <system-out/>
  <testcase classname="org.caution.Current" name="tc6" time="0.005"/>
  <system-out/>
</testsuite> <!-- org.caution.Current -->
